[0.021s] Invoking command in '/home/gabriel/Desktop/SLAM_Thesis/build/fastslam_thesis': CMAKE_PREFIX_PATH=${CMAKE_PREFIX_PATH}:/opt/ros/humble /usr/bin/cmake --build /home/gabriel/Desktop/SLAM_Thesis/build/fastslam_thesis -- -j8 -l8
[0.100s] [35m[1mConsolidate compiler generated dependencies of target fastslam_node[0m
[0.158s] [ 20%] [32mBuilding CXX object CMakeFiles/fastslam_node.dir/src/measurement_model.cpp.o[0m
[0.161s] [ 40%] [32mBuilding CXX object CMakeFiles/fastslam_node.dir/src/fastslam_node.cpp.o[0m
[21.571s] [ 60%] [32m[1mLinking CXX executable fastslam_node[0m
[23.061s] [100%] Built target fastslam_node
[23.086s] Invoked command in '/home/gabriel/Desktop/SLAM_Thesis/build/fastslam_thesis' returned '0': CMAKE_PREFIX_PATH=${CMAKE_PREFIX_PATH}:/opt/ros/humble /usr/bin/cmake --build /home/gabriel/Desktop/SLAM_Thesis/build/fastslam_thesis -- -j8 -l8
[23.105s] Invoking command in '/home/gabriel/Desktop/SLAM_Thesis/build/fastslam_thesis': CMAKE_PREFIX_PATH=${CMAKE_PREFIX_PATH}:/opt/ros/humble /usr/bin/cmake --install /home/gabriel/Desktop/SLAM_Thesis/build/fastslam_thesis
[23.119s] -- Install configuration: ""
[23.120s] -- Execute custom install script
[23.120s] -- Up-to-date symlink: /home/gabriel/Desktop/SLAM_Thesis/install/fastslam_thesis/lib/fastslam_thesis/fastslam_node
[23.121s] -- Up-to-date symlink: /home/gabriel/Desktop/SLAM_Thesis/install/fastslam_thesis/share/fastslam_thesis/launch/fastslam.launch.py
[23.121s] -- Up-to-date symlink: /home/gabriel/Desktop/SLAM_Thesis/install/fastslam_thesis/share/ament_index/resource_index/package_run_dependencies/fastslam_thesis
[23.122s] -- Up-to-date symlink: /home/gabriel/Desktop/SLAM_Thesis/install/fastslam_thesis/share/ament_index/resource_index/parent_prefix_path/fastslam_thesis
[23.122s] -- Up-to-date symlink: /home/gabriel/Desktop/SLAM_Thesis/install/fastslam_thesis/share/fastslam_thesis/environment/ament_prefix_path.sh
[23.123s] -- Up-to-date symlink: /home/gabriel/Desktop/SLAM_Thesis/install/fastslam_thesis/share/fastslam_thesis/environment/ament_prefix_path.dsv
[23.123s] -- Up-to-date symlink: /home/gabriel/Desktop/SLAM_Thesis/install/fastslam_thesis/share/fastslam_thesis/environment/path.sh
[23.123s] -- Up-to-date symlink: /home/gabriel/Desktop/SLAM_Thesis/install/fastslam_thesis/share/fastslam_thesis/environment/path.dsv
[23.123s] -- Up-to-date symlink: /home/gabriel/Desktop/SLAM_Thesis/install/fastslam_thesis/share/fastslam_thesis/local_setup.bash
[23.123s] -- Up-to-date symlink: /home/gabriel/Desktop/SLAM_Thesis/install/fastslam_thesis/share/fastslam_thesis/local_setup.sh
[23.124s] -- Up-to-date symlink: /home/gabriel/Desktop/SLAM_Thesis/install/fastslam_thesis/share/fastslam_thesis/local_setup.zsh
[23.124s] -- Up-to-date symlink: /home/gabriel/Desktop/SLAM_Thesis/install/fastslam_thesis/share/fastslam_thesis/local_setup.dsv
[23.125s] -- Symlinking: /home/gabriel/Desktop/SLAM_Thesis/install/fastslam_thesis/share/fastslam_thesis/package.dsv
[23.141s] -- Up-to-date symlink: /home/gabriel/Desktop/SLAM_Thesis/install/fastslam_thesis/share/ament_index/resource_index/packages/fastslam_thesis
[23.141s] -- Up-to-date symlink: /home/gabriel/Desktop/SLAM_Thesis/install/fastslam_thesis/share/fastslam_thesis/cmake/fastslam_thesisConfig.cmake
[23.142s] -- Up-to-date symlink: /home/gabriel/Desktop/SLAM_Thesis/install/fastslam_thesis/share/fastslam_thesis/cmake/fastslam_thesisConfig-version.cmake
[23.142s] -- Up-to-date symlink: /home/gabriel/Desktop/SLAM_Thesis/install/fastslam_thesis/share/fastslam_thesis/package.xml
[23.146s] Invoked command in '/home/gabriel/Desktop/SLAM_Thesis/build/fastslam_thesis' returned '0': CMAKE_PREFIX_PATH=${CMAKE_PREFIX_PATH}:/opt/ros/humble /usr/bin/cmake --install /home/gabriel/Desktop/SLAM_Thesis/build/fastslam_thesis
