[0.020s] Invoking command in '/home/gabriel/Desktop/SLAM_Thesis/build/fastslam_thesis': CMAKE_PREFIX_PATH=${CMAKE_PREFIX_PATH}:/opt/ros/humble /usr/bin/cmake --build /home/gabriel/Desktop/SLAM_Thesis/build/fastslam_thesis -- -j8 -l8
[0.148s] [ 20%] [32mBuilding CXX object CMakeFiles/fastslam_node.dir/src/fastslam_node.cpp.o[0m
[16.593s] [ 40%] [32m[1mLinking CXX executable fastslam_node[0m
[17.809s] [100%] Built target fastslam_node
[17.827s] Invoked command in '/home/gabriel/Desktop/SLAM_Thesis/build/fastslam_thesis' returned '0': CMAKE_PREFIX_PATH=${CMAKE_PREFIX_PATH}:/opt/ros/humble /usr/bin/cmake --build /home/gabriel/Desktop/SLAM_Thesis/build/fastslam_thesis -- -j8 -l8
[17.842s] Invoking command in '/home/gabriel/Desktop/SLAM_Thesis/build/fastslam_thesis': CMAKE_PREFIX_PATH=${CMAKE_PREFIX_PATH}:/opt/ros/humble /usr/bin/cmake --install /home/gabriel/Desktop/SLAM_Thesis/build/fastslam_thesis
[17.853s] -- Install configuration: ""
[17.853s] -- Execute custom install script
[17.854s] -- Up-to-date symlink: /home/gabriel/Desktop/SLAM_Thesis/install/fastslam_thesis/lib/fastslam_thesis/fastslam_node
[17.855s] -- Up-to-date symlink: /home/gabriel/Desktop/SLAM_Thesis/install/fastslam_thesis/share/fastslam_thesis/launch/fastslam.launch.py
[17.855s] -- Up-to-date symlink: /home/gabriel/Desktop/SLAM_Thesis/install/fastslam_thesis/share/ament_index/resource_index/package_run_dependencies/fastslam_thesis
[17.855s] -- Up-to-date symlink: /home/gabriel/Desktop/SLAM_Thesis/install/fastslam_thesis/share/ament_index/resource_index/parent_prefix_path/fastslam_thesis
[17.855s] -- Up-to-date symlink: /home/gabriel/Desktop/SLAM_Thesis/install/fastslam_thesis/share/fastslam_thesis/environment/ament_prefix_path.sh
[17.855s] -- Up-to-date symlink: /home/gabriel/Desktop/SLAM_Thesis/install/fastslam_thesis/share/fastslam_thesis/environment/ament_prefix_path.dsv
[17.856s] -- Up-to-date symlink: /home/gabriel/Desktop/SLAM_Thesis/install/fastslam_thesis/share/fastslam_thesis/environment/path.sh
[17.856s] -- Up-to-date symlink: /home/gabriel/Desktop/SLAM_Thesis/install/fastslam_thesis/share/fastslam_thesis/environment/path.dsv
[17.856s] -- Up-to-date symlink: /home/gabriel/Desktop/SLAM_Thesis/install/fastslam_thesis/share/fastslam_thesis/local_setup.bash
[17.856s] -- Up-to-date symlink: /home/gabriel/Desktop/SLAM_Thesis/install/fastslam_thesis/share/fastslam_thesis/local_setup.sh
[17.856s] -- Up-to-date symlink: /home/gabriel/Desktop/SLAM_Thesis/install/fastslam_thesis/share/fastslam_thesis/local_setup.zsh
[17.857s] -- Up-to-date symlink: /home/gabriel/Desktop/SLAM_Thesis/install/fastslam_thesis/share/fastslam_thesis/local_setup.dsv
[17.857s] -- Symlinking: /home/gabriel/Desktop/SLAM_Thesis/install/fastslam_thesis/share/fastslam_thesis/package.dsv
[17.873s] -- Up-to-date symlink: /home/gabriel/Desktop/SLAM_Thesis/install/fastslam_thesis/share/ament_index/resource_index/packages/fastslam_thesis
[17.873s] -- Up-to-date symlink: /home/gabriel/Desktop/SLAM_Thesis/install/fastslam_thesis/share/fastslam_thesis/cmake/fastslam_thesisConfig.cmake
[17.874s] -- Up-to-date symlink: /home/gabriel/Desktop/SLAM_Thesis/install/fastslam_thesis/share/fastslam_thesis/cmake/fastslam_thesisConfig-version.cmake
[17.874s] -- Up-to-date symlink: /home/gabriel/Desktop/SLAM_Thesis/install/fastslam_thesis/share/fastslam_thesis/package.xml
[17.878s] Invoked command in '/home/gabriel/Desktop/SLAM_Thesis/build/fastslam_thesis' returned '0': CMAKE_PREFIX_PATH=${CMAKE_PREFIX_PATH}:/opt/ros/humble /usr/bin/cmake --install /home/gabriel/Desktop/SLAM_Thesis/build/fastslam_thesis
